<?xml version="1.0" encoding="UTF-8"?>
<testsuite xmlns:xsi="http://www.w3.org/2001/XMLSchema-instance" xsi:noNamespaceSchemaLocation="https://maven.apache.org/surefire/maven-surefire-plugin/xsd/surefire-test-report.xsd" version="3.0.1" name="com.mycompany.app.AppTest" time="0.062" tests="16" errors="0" skipped="0" failures="0">
  <properties>
[...]
</properties>
  <testcase name="improveMethodWithNegativeGuess" classname="com.mycompany.app.AppTest" time="0.022"/>
  <testcase name="goodMethodJustOutsideBoundary" classname="com.mycompany.app.AppTest" time="0.001"/>
  <testcase name="improveMethodWithPerfectGuess" classname="com.mycompany.app.AppTest" time="0.001"/>
  <testcase name="goodMethodAtBoundary" classname="com.mycompany.app.AppTest" time="0.001"/>
  <testcase name="improveMethodBringsGuessCloser" classname="com.mycompany.app.AppTest" time="0.001"/>
  <testcase name="calcMethodWithNonPerfectSquare" classname="com.mycompany.app.AppTest" time="0.001"/>
  <testcase name="calcMethodWithPerfectSquare" classname="com.mycompany.app.AppTest" time="0.0"/>
  <testcase name="calcMethodWithTinyInput" classname="com.mycompany.app.AppTest" time="0.0"/>
  <testcase name="calcMethodWithFractionalInput" classname="com.mycompany.app.AppTest" time="0.0"/>
  <testcase name="averageWithZeros" classname="com.mycompany.app.AppTest" time="0.0"/>
  <testcase name="iterMethodWithNegativeInitialGuess" classname="com.mycompany.app.AppTest" time="0.0"/>
  <testcase name="goodMethodWithNegativeGuess" classname="com.mycompany.app.AppTest" time="0.0"/>
  <testcase name="averageWithNegativeAndPositiveNumbers" classname="com.mycompany.app.AppTest" time="0.0"/>
  <testcase name="iterMethodWithGoodInitialGuess" classname="com.mycompany.app.AppTest" time="0.0"/>
  <testcase name="calcMethodWithZeroAndOne" classname="com.mycompany.app.AppTest" time="0.0"/>
  <testcase name="averageWithPositiveNumbers" classname="com.mycompany.app.AppTest" time="0.001"/>
</testsuite>